<?xml version="1.0" encoding="UTF-8"?>
<!-- Generated by org.testng.reporters.JUnitXMLReporter -->
<testsuite hostname="DESKTOP-3GNVT0U" ignored="0" name="Default test" tests="3" failures="0" timestamp="09 Apr 2021 12:37:02 GMT" time="385.64" errors="0">
  <testcase name="vendor_validations" time="267.901" classname="com.qa.testcases.VendorCreation"/>
  <testcase name="update_primary_bank" time="41.148" classname="com.qa.testcases.VendorCreation"/>
  <testcase name="update_primary_contact" time="33.385" classname="com.qa.testcases.VendorCreation"/>
</testsuite> <!-- Default test -->
